This is pdfTeX, Version 3.1415926-2.4-1.40.13 (TeX Live 2012/W32TeX) (format=pdflatex 2012.11.14)  12 MAY 2013 11:36
entering extended mode
 restricted \write18 enabled.
 %&-line parsing enabled.
**LineOfBusinessAppsWinRt.tex
(./LineOfBusinessAppsWinRt.tex
LaTeX2e <2011/06/27>
Babel <v3.8m> and hyphenation patterns for english, dumylang, nohyphenation, ge
rman-x-2012-05-30, ngerman-x-2012-05-30, afrikaans, ancientgreek, ibycus, arabi
c, armenian, basque, bulgarian, catalan, pinyin, coptic, croatian, czech, danis
h, dutch, ukenglish, usenglishmax, esperanto, estonian, ethiopic, farsi, finnis
h, french, friulan, galician, german, ngerman, swissgerman, monogreek, greek, h
ungarian, icelandic, assamese, bengali, gujarati, hindi, kannada, malayalam, ma
rathi, oriya, panjabi, tamil, telugu, indonesian, interlingua, irish, italian, 
kurmanji, latin, latvian, lithuanian, mongolian, mongolianlmc, bokmal, nynorsk,
 polish, portuguese, romanian, romansh, russian, sanskrit, serbian, serbianc, s
lovak, slovenian, spanish, swedish, turkish, turkmen, ukrainian, uppersorbian, 
welsh, loaded.
(c:/texlive/2012/texmf-dist/tex/latex/koma-script/scrbook.cls
Document Class: scrbook 2012/05/15 v3.11 KOMA-Script document class (book)
(c:/texlive/2012/texmf-dist/tex/latex/koma-script/scrkbase.sty
Package: scrkbase 2012/05/15 v3.11 KOMA-Script package (KOMA-Script-dependent b
asics and keyval usage)

(c:/texlive/2012/texmf-dist/tex/latex/koma-script/scrbase.sty
Package: scrbase 2012/05/15 v3.11 KOMA-Script package (KOMA-Script-independent 
basics and keyval usage)

(c:/texlive/2012/texmf-dist/tex/latex/graphics/keyval.sty
Package: keyval 1999/03/16 v1.13 key=value parser (DPC)
\KV@toks@=\toks14
)
(c:/texlive/2012/texmf-dist/tex/latex/koma-script/scrlfile.sty
Package: scrlfile 2011/03/09 v3.09 KOMA-Script package (loading files)

Package scrlfile, 2011/03/09 v3.09 KOMA-Script package (loading files)
                  Copyright (C) Markus Kohm

))) (c:/texlive/2012/texmf-dist/tex/latex/koma-script/tocbasic.sty
Package: tocbasic 2012/04/04 v3.10b KOMA-Script package (handling toc-files)
)
Package tocbasic Info: omitting babel extension for `toc'
(tocbasic)             because of feature `nobabel' available
(tocbasic)             for `toc' on input line 117.
Package tocbasic Info: omitting babel extension for `lof'
(tocbasic)             because of feature `nobabel' available
(tocbasic)             for `lof' on input line 118.
Package tocbasic Info: omitting babel extension for `lot'
(tocbasic)             because of feature `nobabel' available
(tocbasic)             for `lot' on input line 119.


Class scrbook Warning: You've used obsolete option `bibtotoc'.
(scrbook)              Usage of this option indicates an old document and
(scrbook)              changes compatibility level using
(scrbook)              `bibliography=totoc,version=first'.
(scrbook)              If you don't want this, you should simply replace
(scrbook)              usage of option `bibtotoc' by `bibliography=totoc'.

Class scrbook Info: Switching compatibility level to `first'.
Class scrbook Info: You've used standard option `oneside'.
(scrbook)           This is correct!
(scrbook)           Internally I'm using `twoside=false'.
(scrbook)           If you'd like to set the option with \KOMAoptions,
(scrbook)           you'd have to use `twoside=false' there
(scrbook)           instead of `oneside', too.
Class scrbook Info: File `scrsize11pt.clo' used instead of
(scrbook)           file `scrsize11.clo' to setup font sizes on input line 1366
.
(c:/texlive/2012/texmf-dist/tex/latex/koma-script/scrsize11pt.clo
File: scrsize11pt.clo 2012/05/15 v3.11 KOMA-Script font size class option (11pt
)
)
(c:/texlive/2012/texmf-dist/tex/latex/koma-script/typearea.sty
Package: typearea 2012/05/15 v3.11 KOMA-Script package (type area)

Package typearea, 2012/05/15 v3.11 KOMA-Script package (type area)
                  Copyright (C) Frank Neukam, 1992-1994
                  Copyright (C) Markus Kohm, 1994-

\ta@bcor=\skip41
\ta@div=\count79
Package typearea Info: You've used standard option `a4paper'.
(typearea)             This is correct!
(typearea)             Internally I'm using `paper=a4'.
(typearea)             If you'd like to set the option with \KOMAoptions,
(typearea)             you'd have to use `paper=a4' there
(typearea)             instead of `a4paper', too.
Package typearea Info: You've used standard option `oneside'.
(typearea)             This is correct!
(typearea)             Internally I'm using `twoside=false'.
(typearea)             If you'd like to set the option with \KOMAoptions,
(typearea)             you'd have to use `twoside=false' there
(typearea)             instead of `oneside', too.
\ta@hblk=\skip42
\ta@vblk=\skip43
\ta@temp=\skip44
Package typearea Info: These are the values describing the layout:
(typearea)             DIV  = 10
(typearea)             BCOR = 0.0pt
(typearea)             \paperwidth      = 597.50793pt
(typearea)              \textwidth      = 418.25555pt
(typearea)              DIV departure   = -6%
(typearea)              \evensidemargin = 17.3562pt
(typearea)              \oddsidemargin  = 17.3562pt
(typearea)             \paperheight     = 845.04694pt
(typearea)              \textheight     = 595.80026pt
(typearea)              \topmargin      = -25.16531pt
(typearea)              \headheight     = 17.0pt
(typearea)              \headsep        = 20.40001pt
(typearea)              \topskip        = 11.0pt
(typearea)              \footskip       = 47.60002pt
(typearea)              \baselineskip   = 13.6pt
(typearea)              on input line 1211.
)
\c@part=\count80
\c@chapter=\count81
\c@section=\count82
\c@subsection=\count83
\c@subsubsection=\count84
\c@paragraph=\count85
\c@subparagraph=\count86
\abovecaptionskip=\skip45
\belowcaptionskip=\skip46
\c@pti@nb@sid@b@x=\box26
\c@figure=\count87
\c@table=\count88
\bibindent=\dimen102
) (c:/texlive/2012/texmf-dist/tex/latex/hyperref/hyperref.sty
Package: hyperref 2012/05/13 v6.82q Hypertext links for LaTeX

(c:/texlive/2012/texmf-dist/tex/generic/oberdiek/hobsub-hyperref.sty
Package: hobsub-hyperref 2012/05/28 v1.13 Bundle oberdiek, subset hyperref (HO)


(c:/texlive/2012/texmf-dist/tex/generic/oberdiek/hobsub-generic.sty
Package: hobsub-generic 2012/05/28 v1.13 Bundle oberdiek, subset generic (HO)
Package: hobsub 2012/05/28 v1.13 Construct package bundles (HO)
Package: infwarerr 2010/04/08 v1.3 Providing info/warning/error messages (HO)
Package: ltxcmds 2011/11/09 v1.22 LaTeX kernel commands for general use (HO)
Package: ifluatex 2010/03/01 v1.3 Provides the ifluatex switch (HO)
Package ifluatex Info: LuaTeX not detected.
Package: ifvtex 2010/03/01 v1.5 Detect VTeX and its facilities (HO)
Package ifvtex Info: VTeX not detected.
Package: intcalc 2007/09/27 v1.1 Expandable calculations with integers (HO)
Package: ifpdf 2011/01/30 v2.3 Provides the ifpdf switch (HO)
Package ifpdf Info: pdfTeX in PDF mode is detected.
Package: etexcmds 2011/02/16 v1.5 Avoid name clashes with e-TeX commands (HO)
Package etexcmds Info: Could not find \expanded.
(etexcmds)             That can mean that you are not using pdfTeX 1.50 or
(etexcmds)             that some package has redefined \expanded.
(etexcmds)             In the latter case, load this package earlier.
Package: kvsetkeys 2012/04/25 v1.16 Key value parser (HO)
Package: kvdefinekeys 2011/04/07 v1.3 Define keys (HO)
Package: pdftexcmds 2011/11/29 v0.20 Utility functions of pdfTeX for LuaTeX (HO
)
Package pdftexcmds Info: LuaTeX not detected.
Package pdftexcmds Info: \pdf@primitive is available.
Package pdftexcmds Info: \pdf@ifprimitive is available.
Package pdftexcmds Info: \pdfdraftmode found.
Package: pdfescape 2011/11/25 v1.13 Implements pdfTeX's escape features (HO)
Package: bigintcalc 2012/04/08 v1.3 Expandable calculations on big integers (HO
)
Package: bitset 2011/01/30 v1.1 Handle bit-vector datatype (HO)
Package: uniquecounter 2011/01/30 v1.2 Provide unlimited unique counter (HO)
)
Package hobsub Info: Skipping package `hobsub' (already loaded).
Package: letltxmacro 2010/09/02 v1.4 Let assignment for LaTeX macros (HO)
Package: hopatch 2012/05/28 v1.2 Wrapper for package hooks (HO)
Package: xcolor-patch 2011/01/30 xcolor patch
Package: atveryend 2011/06/30 v1.8 Hooks at the very end of document (HO)
Package atveryend Info: \enddocument detected (standard20110627).
Package: atbegshi 2011/10/05 v1.16 At begin shipout hook (HO)
Package: refcount 2011/10/16 v3.4 Data extraction from label references (HO)
Package: hycolor 2011/01/30 v1.7 Color options for hyperref/bookmark (HO)
)
(c:/texlive/2012/texmf-dist/tex/generic/ifxetex/ifxetex.sty
Package: ifxetex 2010/09/12 v0.6 Provides ifxetex conditional
)
(c:/texlive/2012/texmf-dist/tex/latex/oberdiek/kvoptions.sty
Package: kvoptions 2011/06/30 v3.11 Key value format for package options (HO)
)
\@linkdim=\dimen103
\Hy@linkcounter=\count89
\Hy@pagecounter=\count90

(c:/texlive/2012/texmf-dist/tex/latex/hyperref/pd1enc.def
File: pd1enc.def 2012/05/13 v6.82q Hyperref: PDFDocEncoding definition (HO)
)
\Hy@SavedSpaceFactor=\count91

(c:/texlive/2012/texmf-dist/tex/latex/latexconfig/hyperref.cfg
File: hyperref.cfg 2002/06/06 v1.2 hyperref configuration of TeXLive
)
Package hyperref Info: Hyper figures OFF on input line 4062.
Package hyperref Info: Link nesting OFF on input line 4067.
Package hyperref Info: Hyper index ON on input line 4070.
Package hyperref Info: Plain pages OFF on input line 4077.
Package hyperref Info: Backreferencing OFF on input line 4082.
Package hyperref Info: Implicit mode ON; LaTeX internals redefined.
Package hyperref Info: Bookmarks ON on input line 4300.
\c@Hy@tempcnt=\count92

(c:/texlive/2012/texmf-dist/tex/latex/url/url.sty
\Urlmuskip=\muskip10
Package: url 2006/04/12  ver 3.3  Verb mode for urls, etc.
)
LaTeX Info: Redefining \url on input line 4653.
\Fld@menulength=\count93
\Field@Width=\dimen104
\Fld@charsize=\dimen105
Package hyperref Info: Hyper figures OFF on input line 5773.
Package hyperref Info: Link nesting OFF on input line 5778.
Package hyperref Info: Hyper index ON on input line 5781.
Package hyperref Info: backreferencing OFF on input line 5788.
Package hyperref Info: Link coloring OFF on input line 5793.
Package hyperref Info: Link coloring with OCG OFF on input line 5798.
Package hyperref Info: PDF/A mode OFF on input line 5803.
LaTeX Info: Redefining \ref on input line 5843.
LaTeX Info: Redefining \pageref on input line 5847.
\Hy@abspage=\count94
\c@Item=\count95
\c@Hfootnote=\count96
)

Package hyperref Message: Driver (autodetected): hpdftex.

(c:/texlive/2012/texmf-dist/tex/latex/hyperref/hpdftex.def
File: hpdftex.def 2012/05/13 v6.82q Hyperref driver for pdfTeX
\Fld@listcount=\count97
\c@bookmark@seq@number=\count98

(c:/texlive/2012/texmf-dist/tex/latex/oberdiek/rerunfilecheck.sty
Package: rerunfilecheck 2011/04/15 v1.7 Rerun checks for auxiliary files (HO)
Package uniquecounter Info: New unique counter `rerunfilecheck' on input line 2
82.
)
\Hy@SectionHShift=\skip47
)
(c:/texlive/2012/texmf-dist/tex/latex/base/inputenc.sty
Package: inputenc 2008/03/30 v1.1d Input encoding file
\inpenc@prehook=\toks15
\inpenc@posthook=\toks16

(c:/texlive/2012/texmf-dist/tex/latex/base/utf8.def
File: utf8.def 2008/04/05 v1.1m UTF-8 support for inputenc
Now handling font encoding OML ...
... no UTF-8 mapping file for font encoding OML
Now handling font encoding T1 ...
... processing UTF-8 mapping file for font encoding T1

(c:/texlive/2012/texmf-dist/tex/latex/base/t1enc.dfu
File: t1enc.dfu 2008/04/05 v1.1m UTF-8 support for inputenc
   defining Unicode char U+00A1 (decimal 161)
   defining Unicode char U+00A3 (decimal 163)
   defining Unicode char U+00AB (decimal 171)
   defining Unicode char U+00BB (decimal 187)
   defining Unicode char U+00BF (decimal 191)
   defining Unicode char U+00C0 (decimal 192)
   defining Unicode char U+00C1 (decimal 193)
   defining Unicode char U+00C2 (decimal 194)
   defining Unicode char U+00C3 (decimal 195)
   defining Unicode char U+00C4 (decimal 196)
   defining Unicode char U+00C5 (decimal 197)
   defining Unicode char U+00C6 (decimal 198)
   defining Unicode char U+00C7 (decimal 199)
   defining Unicode char U+00C8 (decimal 200)
   defining Unicode char U+00C9 (decimal 201)
   defining Unicode char U+00CA (decimal 202)
   defining Unicode char U+00CB (decimal 203)
   defining Unicode char U+00CC (decimal 204)
   defining Unicode char U+00CD (decimal 205)
   defining Unicode char U+00CE (decimal 206)
   defining Unicode char U+00CF (decimal 207)
   defining Unicode char U+00D0 (decimal 208)
   defining Unicode char U+00D1 (decimal 209)
   defining Unicode char U+00D2 (decimal 210)
   defining Unicode char U+00D3 (decimal 211)
   defining Unicode char U+00D4 (decimal 212)
   defining Unicode char U+00D5 (decimal 213)
   defining Unicode char U+00D6 (decimal 214)
   defining Unicode char U+00D8 (decimal 216)
   defining Unicode char U+00D9 (decimal 217)
   defining Unicode char U+00DA (decimal 218)
   defining Unicode char U+00DB (decimal 219)
   defining Unicode char U+00DC (decimal 220)
   defining Unicode char U+00DD (decimal 221)
   defining Unicode char U+00DE (decimal 222)
   defining Unicode char U+00DF (decimal 223)
   defining Unicode char U+00E0 (decimal 224)
   defining Unicode char U+00E1 (decimal 225)
   defining Unicode char U+00E2 (decimal 226)
   defining Unicode char U+00E3 (decimal 227)
   defining Unicode char U+00E4 (decimal 228)
   defining Unicode char U+00E5 (decimal 229)
   defining Unicode char U+00E6 (decimal 230)
   defining Unicode char U+00E7 (decimal 231)
   defining Unicode char U+00E8 (decimal 232)
   defining Unicode char U+00E9 (decimal 233)
   defining Unicode char U+00EA (decimal 234)
   defining Unicode char U+00EB (decimal 235)
   defining Unicode char U+00EC (decimal 236)
   defining Unicode char U+00ED (decimal 237)
   defining Unicode char U+00EE (decimal 238)
   defining Unicode char U+00EF (decimal 239)
   defining Unicode char U+00F0 (decimal 240)
   defining Unicode char U+00F1 (decimal 241)
   defining Unicode char U+00F2 (decimal 242)
   defining Unicode char U+00F3 (decimal 243)
   defining Unicode char U+00F4 (decimal 244)
   defining Unicode char U+00F5 (decimal 245)
   defining Unicode char U+00F6 (decimal 246)
   defining Unicode char U+00F8 (decimal 248)
   defining Unicode char U+00F9 (decimal 249)
   defining Unicode char U+00FA (decimal 250)
   defining Unicode char U+00FB (decimal 251)
   defining Unicode char U+00FC (decimal 252)
   defining Unicode char U+00FD (decimal 253)
   defining Unicode char U+00FE (decimal 254)
   defining Unicode char U+00FF (decimal 255)
   defining Unicode char U+0102 (decimal 258)
   defining Unicode char U+0103 (decimal 259)
   defining Unicode char U+0104 (decimal 260)
   defining Unicode char U+0105 (decimal 261)
   defining Unicode char U+0106 (decimal 262)
   defining Unicode char U+0107 (decimal 263)
   defining Unicode char U+010C (decimal 268)
   defining Unicode char U+010D (decimal 269)
   defining Unicode char U+010E (decimal 270)
   defining Unicode char U+010F (decimal 271)
   defining Unicode char U+0110 (decimal 272)
   defining Unicode char U+0111 (decimal 273)
   defining Unicode char U+0118 (decimal 280)
   defining Unicode char U+0119 (decimal 281)
   defining Unicode char U+011A (decimal 282)
   defining Unicode char U+011B (decimal 283)
   defining Unicode char U+011E (decimal 286)
   defining Unicode char U+011F (decimal 287)
   defining Unicode char U+0130 (decimal 304)
   defining Unicode char U+0131 (decimal 305)
   defining Unicode char U+0132 (decimal 306)
   defining Unicode char U+0133 (decimal 307)
   defining Unicode char U+0139 (decimal 313)
   defining Unicode char U+013A (decimal 314)
   defining Unicode char U+013D (decimal 317)
   defining Unicode char U+013E (decimal 318)
   defining Unicode char U+0141 (decimal 321)
   defining Unicode char U+0142 (decimal 322)
   defining Unicode char U+0143 (decimal 323)
   defining Unicode char U+0144 (decimal 324)
   defining Unicode char U+0147 (decimal 327)
   defining Unicode char U+0148 (decimal 328)
   defining Unicode char U+014A (decimal 330)
   defining Unicode char U+014B (decimal 331)
   defining Unicode char U+0150 (decimal 336)
   defining Unicode char U+0151 (decimal 337)
   defining Unicode char U+0152 (decimal 338)
   defining Unicode char U+0153 (decimal 339)
   defining Unicode char U+0154 (decimal 340)
   defining Unicode char U+0155 (decimal 341)
   defining Unicode char U+0158 (decimal 344)
   defining Unicode char U+0159 (decimal 345)
   defining Unicode char U+015A (decimal 346)
   defining Unicode char U+015B (decimal 347)
   defining Unicode char U+015E (decimal 350)
   defining Unicode char U+015F (decimal 351)
   defining Unicode char U+0160 (decimal 352)
   defining Unicode char U+0161 (decimal 353)
   defining Unicode char U+0162 (decimal 354)
   defining Unicode char U+0163 (decimal 355)
   defining Unicode char U+0164 (decimal 356)
   defining Unicode char U+0165 (decimal 357)
   defining Unicode char U+016E (decimal 366)
   defining Unicode char U+016F (decimal 367)
   defining Unicode char U+0170 (decimal 368)
   defining Unicode char U+0171 (decimal 369)
   defining Unicode char U+0178 (decimal 376)
   defining Unicode char U+0179 (decimal 377)
   defining Unicode char U+017A (decimal 378)
   defining Unicode char U+017B (decimal 379)
   defining Unicode char U+017C (decimal 380)
   defining Unicode char U+017D (decimal 381)
   defining Unicode char U+017E (decimal 382)
   defining Unicode char U+200C (decimal 8204)
   defining Unicode char U+2013 (decimal 8211)
   defining Unicode char U+2014 (decimal 8212)
   defining Unicode char U+2018 (decimal 8216)
   defining Unicode char U+2019 (decimal 8217)
   defining Unicode char U+201A (decimal 8218)
   defining Unicode char U+201C (decimal 8220)
   defining Unicode char U+201D (decimal 8221)
   defining Unicode char U+201E (decimal 8222)
   defining Unicode char U+2030 (decimal 8240)
   defining Unicode char U+2031 (decimal 8241)
   defining Unicode char U+2039 (decimal 8249)
   defining Unicode char U+203A (decimal 8250)
   defining Unicode char U+2423 (decimal 9251)
)
Now handling font encoding OT1 ...
... processing UTF-8 mapping file for font encoding OT1

(c:/texlive/2012/texmf-dist/tex/latex/base/ot1enc.dfu
File: ot1enc.dfu 2008/04/05 v1.1m UTF-8 support for inputenc
   defining Unicode char U+00A1 (decimal 161)
   defining Unicode char U+00A3 (decimal 163)
   defining Unicode char U+00B8 (decimal 184)
   defining Unicode char U+00BF (decimal 191)
   defining Unicode char U+00C5 (decimal 197)
   defining Unicode char U+00C6 (decimal 198)
   defining Unicode char U+00D8 (decimal 216)
   defining Unicode char U+00DF (decimal 223)
   defining Unicode char U+00E6 (decimal 230)
   defining Unicode char U+00EC (decimal 236)
   defining Unicode char U+00ED (decimal 237)
   defining Unicode char U+00EE (decimal 238)
   defining Unicode char U+00EF (decimal 239)
   defining Unicode char U+00F8 (decimal 248)
   defining Unicode char U+0131 (decimal 305)
   defining Unicode char U+0141 (decimal 321)
   defining Unicode char U+0142 (decimal 322)
   defining Unicode char U+0152 (decimal 338)
   defining Unicode char U+0153 (decimal 339)
   defining Unicode char U+2013 (decimal 8211)
   defining Unicode char U+2014 (decimal 8212)
   defining Unicode char U+2018 (decimal 8216)
   defining Unicode char U+2019 (decimal 8217)
   defining Unicode char U+201C (decimal 8220)
   defining Unicode char U+201D (decimal 8221)
)
Now handling font encoding OMS ...
... processing UTF-8 mapping file for font encoding OMS

(c:/texlive/2012/texmf-dist/tex/latex/base/omsenc.dfu
File: omsenc.dfu 2008/04/05 v1.1m UTF-8 support for inputenc
   defining Unicode char U+00A7 (decimal 167)
   defining Unicode char U+00B6 (decimal 182)
   defining Unicode char U+00B7 (decimal 183)
   defining Unicode char U+2020 (decimal 8224)
   defining Unicode char U+2021 (decimal 8225)
   defining Unicode char U+2022 (decimal 8226)
)
Now handling font encoding OMX ...
... no UTF-8 mapping file for font encoding OMX
Now handling font encoding U ...
... no UTF-8 mapping file for font encoding U
Now handling font encoding PD1 ...
... no UTF-8 mapping file for font encoding PD1
   defining Unicode char U+00A9 (decimal 169)
   defining Unicode char U+00AA (decimal 170)
   defining Unicode char U+00AE (decimal 174)
   defining Unicode char U+00BA (decimal 186)
   defining Unicode char U+02C6 (decimal 710)
   defining Unicode char U+02DC (decimal 732)
   defining Unicode char U+200C (decimal 8204)
   defining Unicode char U+2026 (decimal 8230)
   defining Unicode char U+2122 (decimal 8482)
   defining Unicode char U+2423 (decimal 9251)
))
(c:/texlive/2012/texmf-dist/tex/latex/base/fontenc.sty
Package: fontenc 2005/09/27 v1.99g Standard LaTeX package

(c:/texlive/2012/texmf-dist/tex/latex/base/t1enc.def
File: t1enc.def 2005/09/27 v1.99g Standard LaTeX file
LaTeX Font Info:    Redeclaring font encoding T1 on input line 43.
))
(c:/texlive/2012/texmf-dist/tex/generic/babel/babel.sty
Package: babel 2008/07/08 v3.8m The Babel package

(c:/texlive/2012/texmf-dist/tex/generic/babel/ngermanb.ldf
Language: ngermanb 2008/07/06 v2.6n new German support from the babel system

(c:/texlive/2012/texmf-dist/tex/generic/babel/babel.def
File: babel.def 2008/07/08 v3.8m Babel common definitions
\babel@savecnt=\count99
\U@D=\dimen106
)
\l@naustrian = a dialect from \language\l@ngerman 
Package babel Info: Making " an active character on input line 92.
))
(c:/texlive/2012/texmf-dist/tex/latex/amsmath/amsmath.sty
Package: amsmath 2000/07/18 v2.13 AMS math features
\@mathmargin=\skip48

For additional information on amsmath, use the `?' option.
(c:/texlive/2012/texmf-dist/tex/latex/amsmath/amstext.sty
Package: amstext 2000/06/29 v2.01

(c:/texlive/2012/texmf-dist/tex/latex/amsmath/amsgen.sty
File: amsgen.sty 1999/11/30 v2.0
\@emptytoks=\toks17
\ex@=\dimen107
))
(c:/texlive/2012/texmf-dist/tex/latex/amsmath/amsbsy.sty
Package: amsbsy 1999/11/29 v1.2d
\pmbraise@=\dimen108
)
(c:/texlive/2012/texmf-dist/tex/latex/amsmath/amsopn.sty
Package: amsopn 1999/12/14 v2.01 operator names
)
\inf@bad=\count100
LaTeX Info: Redefining \frac on input line 211.
\uproot@=\count101
\leftroot@=\count102
LaTeX Info: Redefining \overline on input line 307.
\classnum@=\count103
\DOTSCASE@=\count104
LaTeX Info: Redefining \ldots on input line 379.
LaTeX Info: Redefining \dots on input line 382.
LaTeX Info: Redefining \cdots on input line 467.
\Mathstrutbox@=\box27
\strutbox@=\box28
\big@size=\dimen109
LaTeX Font Info:    Redeclaring font encoding OML on input line 567.
LaTeX Font Info:    Redeclaring font encoding OMS on input line 568.
\macc@depth=\count105
\c@MaxMatrixCols=\count106
\dotsspace@=\muskip11
\c@parentequation=\count107
\dspbrk@lvl=\count108
\tag@help=\toks18
\row@=\count109
\column@=\count110
\maxfields@=\count111
\andhelp@=\toks19
\eqnshift@=\dimen110
\alignsep@=\dimen111
\tagshift@=\dimen112
\tagwidth@=\dimen113
\totwidth@=\dimen114
\lineht@=\dimen115
\@envbody=\toks20
\multlinegap=\skip49
\multlinetaggap=\skip50
\mathdisplay@stack=\toks21
LaTeX Info: Redefining \[ on input line 2666.
LaTeX Info: Redefining \] on input line 2667.
)
(c:/texlive/2012/texmf-dist/tex/latex/amsfonts/amssymb.sty
Package: amssymb 2009/06/22 v3.00

(c:/texlive/2012/texmf-dist/tex/latex/amsfonts/amsfonts.sty
Package: amsfonts 2009/06/22 v3.00 Basic AMSFonts support
\symAMSa=\mathgroup4
\symAMSb=\mathgroup5
LaTeX Font Info:    Overwriting math alphabet `\mathfrak' in version `bold'
(Font)                  U/euf/m/n --> U/euf/b/n on input line 96.
))
(c:/texlive/2012/texmf-dist/tex/latex/fancyhdr/fancyhdr.sty
\fancy@headwidth=\skip51
\f@ncyO@elh=\skip52
\f@ncyO@erh=\skip53
\f@ncyO@olh=\skip54
\f@ncyO@orh=\skip55
\f@ncyO@elf=\skip56
\f@ncyO@erf=\skip57
\f@ncyO@olf=\skip58
\f@ncyO@orf=\skip59
)
(c:/texlive/2012/texmf-dist/tex/latex/graphics/color.sty
Package: color 2005/11/14 v1.0j Standard LaTeX Color (DPC)

(c:/texlive/2012/texmf-dist/tex/latex/latexconfig/color.cfg
File: color.cfg 2007/01/18 v1.5 color configuration of teTeX/TeXLive
)
Package color Info: Driver file: pdftex.def on input line 130.

(c:/texlive/2012/texmf-dist/tex/latex/pdftex-def/pdftex.def
File: pdftex.def 2011/05/27 v0.06d Graphics/color for pdfTeX
\Gread@gobject=\count112
))
(c:/texlive/2012/texmf-dist/tex/latex/psnfss/helvet.sty
Package: helvet 2005/04/12 PSNFSS-v9.2a (WaS) 
)
(c:/texlive/2012/texmf-dist/tex/latex/graphics/graphicx.sty
Package: graphicx 1999/02/16 v1.0f Enhanced LaTeX Graphics (DPC,SPQR)

(c:/texlive/2012/texmf-dist/tex/latex/graphics/graphics.sty
Package: graphics 2009/02/05 v1.0o Standard LaTeX Graphics (DPC,SPQR)

(c:/texlive/2012/texmf-dist/tex/latex/graphics/trig.sty
Package: trig 1999/03/16 v1.09 sin cos tan (DPC)
)
(c:/texlive/2012/texmf-dist/tex/latex/latexconfig/graphics.cfg
File: graphics.cfg 2010/04/23 v1.9 graphics configuration of TeX Live
)
Package graphics Info: Driver file: pdftex.def on input line 91.
)
\Gin@req@height=\dimen116
\Gin@req@width=\dimen117
)
(c:/texlive/2012/texmf-dist/tex/latex/tools/array.sty
Package: array 2008/09/09 v2.4c Tabular extension package (FMi)
\col@sep=\dimen118
\extrarowheight=\dimen119
\NC@list=\toks22
\extratabsurround=\skip60
\backup@length=\skip61
)
(c:/texlive/2012/texmf-dist/tex/latex/listings/listings.sty
\lst@mode=\count113
\lst@gtempboxa=\box29
\lst@token=\toks23
\lst@length=\count114
\lst@currlwidth=\dimen120
\lst@column=\count115
\lst@pos=\count116
\lst@lostspace=\dimen121
\lst@width=\dimen122
\lst@newlines=\count117
\lst@lineno=\count118
\lst@maxwidth=\dimen123

(c:/texlive/2012/texmf-dist/tex/latex/listings/lstmisc.sty
File: lstmisc.sty 2007/02/22 1.4 (Carsten Heinz)
\c@lstnumber=\count119
\lst@skipnumbers=\count120
\lst@framebox=\box30
)
(c:/texlive/2012/texmf-dist/tex/latex/listings/listings.cfg
File: listings.cfg 2007/02/22 1.4 listings configuration
))
Package: listings 2007/02/22 1.4 (Carsten Heinz)

(./LineOfBusinessAppsWinRt.aux)
\openout1 = `LineOfBusinessAppsWinRt.aux'.

LaTeX Font Info:    Checking defaults for OML/cmm/m/it on input line 60.
LaTeX Font Info:    ... okay on input line 60.
LaTeX Font Info:    Checking defaults for T1/cmr/m/n on input line 60.
LaTeX Font Info:    ... okay on input line 60.
LaTeX Font Info:    Checking defaults for OT1/cmr/m/n on input line 60.
LaTeX Font Info:    ... okay on input line 60.
LaTeX Font Info:    Checking defaults for OMS/cmsy/m/n on input line 60.
LaTeX Font Info:    ... okay on input line 60.
LaTeX Font Info:    Checking defaults for OMX/cmex/m/n on input line 60.
LaTeX Font Info:    ... okay on input line 60.
LaTeX Font Info:    Checking defaults for U/cmr/m/n on input line 60.
LaTeX Font Info:    ... okay on input line 60.
LaTeX Font Info:    Checking defaults for PD1/pdf/m/n on input line 60.
LaTeX Font Info:    ... okay on input line 60.
LaTeX Font Info:    Try loading font information for T1+cmss on input line 60.

(c:/texlive/2012/texmf-dist/tex/latex/base/t1cmss.fd
File: t1cmss.fd 1999/05/25 v2.5h Standard LaTeX font definitions
)
\AtBeginShipoutBox=\box31
Package hyperref Info: Link coloring OFF on input line 60.

(c:/texlive/2012/texmf-dist/tex/latex/hyperref/nameref.sty
Package: nameref 2010/04/30 v2.40 Cross-referencing by name of section

(c:/texlive/2012/texmf-dist/tex/generic/oberdiek/gettitlestring.sty
Package: gettitlestring 2010/12/03 v1.4 Cleanup title references (HO)
)
\c@section@level=\count121
)
LaTeX Info: Redefining \ref on input line 60.
LaTeX Info: Redefining \pageref on input line 60.
LaTeX Info: Redefining \nameref on input line 60.

(./LineOfBusinessAppsWinRt.out) (./LineOfBusinessAppsWinRt.out)
\@outlinefile=\write3
\openout3 = `LineOfBusinessAppsWinRt.out'.


(c:/texlive/2012/texmf-dist/tex/context/base/supp-pdf.mkii
[Loading MPS to PDF converter (version 2006.09.02).]
\scratchcounter=\count122
\scratchdimen=\dimen124
\scratchbox=\box32
\nofMPsegments=\count123
\nofMParguments=\count124
\everyMPshowfont=\toks24
\MPscratchCnt=\count125
\MPscratchDim=\dimen125
\MPnumerator=\count126
\makeMPintoPDFobject=\count127
\everyMPtoPDFconversion=\toks25
) (c:/texlive/2012/texmf-dist/tex/latex/oberdiek/epstopdf-base.sty
Package: epstopdf-base 2010/02/09 v2.5 Base part for package epstopdf

(c:/texlive/2012/texmf-dist/tex/latex/oberdiek/grfext.sty
Package: grfext 2010/08/19 v1.1 Manage graphics extensions (HO)
)
Package grfext Info: Graphics extension search list:
(grfext)             [.png,.pdf,.jpg,.mps,.jpeg,.jbig2,.jb2,.PNG,.PDF,.JPG,.JPE
G,.JBIG2,.JB2,.eps]
(grfext)             \AppendGraphicsExtensions on input line 452.

(c:/texlive/2012/texmf-dist/tex/latex/latexconfig/epstopdf-sys.cfg
File: epstopdf-sys.cfg 2010/07/13 v1.3 Configuration of (r)epstopdf for TeX Liv
e
))
\c@lstlisting=\count128
LaTeX Font Info:    Try loading font information for T1+phv on input line 68.

(c:/texlive/2012/texmf-dist/tex/latex/psnfss/t1phv.fd
File: t1phv.fd 2001/06/04 scalable font definitions for T1/phv.
)
<BM_2011.pdf, id=176, 598.235pt x 820.06375pt>
File: BM_2011.pdf Graphic file (type pdf)
 <use BM_2011.pdf>
Package pdftex.def Info: BM_2011.pdf used on input line 69.
(pdftex.def)             Requested size: 598.74472pt x 845.10056pt.

<FHTW_Logo_4c.pdf, id=177, 295.1025pt x 91.34125pt>
File: FHTW_Logo_4c.pdf Graphic file (type pdf)
 <use FHTW_Logo_4c.pdf>
Package pdftex.def Info: FHTW_Logo_4c.pdf used on input line 70.
(pdftex.def)             Requested size: 219.5848pt x 67.96777pt.
LaTeX Font Info:    Font shape `T1/phv/bx/n' in size <10.95> not available
(Font)              Font shape `T1/phv/b/n' tried instead on input line 71.
LaTeX Font Info:    Font shape `T1/phv/bx/n' in size <20.74> not available
(Font)              Font shape `T1/phv/b/n' tried instead on input line 71.

Underfull \hbox (badness 5563) in paragraph at lines 80--80
[]\T1/phv/b/n/20.74 Line of Busi-ness Ap-pli-ka-tio-nen auf
 []

LaTeX Font Info:    Try loading font information for U+msa on input line 80.
(c:/texlive/2012/texmf-dist/tex/latex/amsfonts/umsa.fd
File: umsa.fd 2009/06/22 v3.00 AMS symbols A
)
LaTeX Font Info:    Try loading font information for U+msb on input line 80.

(c:/texlive/2012/texmf-dist/tex/latex/amsfonts/umsb.fd
File: umsb.fd 2009/06/22 v3.00 AMS symbols B
) [1

{c:/texlive/2012/texmf-var/fonts/map/pdftex/updmap/pdftex.map} <./BM_2011.pdf> 
<./FHTW_Logo_4c.pdf>]
LaTeX Font Info:    Font shape `T1/phv/bx/n' in size <14.4> not available
(Font)              Font shape `T1/phv/b/n' tried instead on input line 94.
[2]
Underfull \hbox (badness 10000) in paragraph at lines 105--106

 []

[3]
Underfull \hbox (badness 10000) in paragraph at lines 113--114

 []

[4] [5] (./LineOfBusinessAppsWinRt.toc [6

])
\tf@toc=\write4
\openout4 = `LineOfBusinessAppsWinRt.toc'.

 [7]
Kapitel 1.

Class scrbook Warning: \float@addtolists detected!
(scrbook)              You should use the features of package `tocbasic'
(scrbook)              instead of \float@addtolists.
(scrbook)              Support for \float@addtolists may be removed from
(scrbook)              `scrbook' soon .


Underfull \hbox (badness 10000) in paragraph at lines 136--177

 []


Underfull \hbox (badness 10000) in paragraph at lines 136--177

 []


Underfull \hbox (badness 10000) in paragraph at lines 136--177

 []


Underfull \hbox (badness 10000) in paragraph at lines 136--177

 []


Underfull \hbox (badness 10000) in paragraph at lines 136--177

 []


Underfull \hbox (badness 1067) in paragraph at lines 136--177
\T1/cmss/m/n/10.95 Im Be-reich Lay-out, der das drit-te Ka-pi-tel ein-nimmt, wi
rd die Ober-flä-chen-be-schrei-bungs-
 []


Underfull \hbox (badness 10000) in paragraph at lines 136--177

 []


Underfull \hbox (badness 10000) in paragraph at lines 136--177

 []


Underfull \hbox (badness 1221) in paragraph at lines 136--177
\T1/cmss/m/n/10.95 Sschlussendlich wird die er-klär-te Theo-rie an-hand ei-nes 
ein-fa-chen Bei-spiels in die Pra-xis
 []


Underfull \hbox (badness 10000) in paragraph at lines 136--177

 []


Underfull \hbox (badness 1430) in paragraph at lines 136--177
\T1/cmss/m/n/10.95 Prinzipiell ist es mög-lich, mit ver-schie-dens-ten Pro-gram
-mier-spra-chen ei-ne Ap-pli-ka-ti-on für
 []

pdfTeX warning (ext4): destination with the same identifier (name{page.1}) has 
been already used, duplicate ignored
<to be read again> 
                   \relax 
l.177 
       [1

]

LaTeX Font Warning: Font shape `T1/cmss/m/sc' in size <9> not available
(Font)              Font shape `T1/cmr/m/sc' tried instead on input line 180.

pdfTeX warning (ext4): destination with the same identifier (name{page.2}) has 
been already used, duplicate ignored
<to be read again> 
                   \relax 
l.180 \chapter
              [Von .NET zu WinRT]{Von .NET zu WinRT} [2]
Kapitel 2.
<images/win8-platform-and-tools_thumb.jpg, id=280, 484.81125pt x 273.27094pt>
File: images/win8-platform-and-tools_thumb.jpg Graphic file (type jpg)

<use images/win8-platform-and-tools_thumb.jpg>
Package pdftex.def Info: images/win8-platform-and-tools_thumb.jpg used on input
 line 192.
(pdftex.def)             Requested size: 436.32608pt x 245.94154pt.

<images/farkas_winrt_clr.jpg, id=282, 414.04688pt x 133.24782pt>
File: images/farkas_winrt_clr.jpg Graphic file (type jpg)

<use images/farkas_winrt_clr.jpg>
Package pdftex.def Info: images/farkas_winrt_clr.jpg used on input line 205.
(pdftex.def)             Requested size: 414.04585pt x 133.24748pt.

Underfull \hbox (badness 10000) in paragraph at lines 189--217

 []


Underfull \hbox (badness 10000) in paragraph at lines 189--217

 []


Underfull \hbox (badness 10000) in paragraph at lines 189--217

 []

pdfTeX warning (ext4): destination with the same identifier (name{page.3}) has 
been already used, duplicate ignored
<to be read again> 
                   \relax 
l.217 
       [3

 <./images/win8-platform-and-tools_thumb.jpg>]
Underfull \hbox (badness 10000) in paragraph at lines 219--231

 []


Underfull \hbox (badness 10000) in paragraph at lines 219--231

 []

pdfTeX warning (ext4): destination with the same identifier (name{page.4}) has 
been already used, duplicate ignored
<to be read again> 
                   \relax 
l.231 
       [4 <./images/farkas_winrt_clr.jpg>]pdfTeX warning (ext4): destination wi
th the same identifier (name{page.5}) has been already used, duplicate ignored
<to be read again> 
                   \relax 
l.234 \chapter
              [Layout]{Layout} [5]
Kapitel 3.

Underfull \hbox (badness 1297) in paragraph at lines 237--245
\T1/cmss/m/n/10.95 Be-nut-ze-ro-ber-flä-chen-er-stel-lung bei Win-dows Pre-sen-
ta-ti-on Foun-da-ti-on (WPF) An-wen-dun-gen
 []


Underfull \hbox (badness 10000) in paragraph at lines 237--245

 []


Underfull \hbox (badness 10000) in paragraph at lines 237--245

 []

LaTeX Font Info:    Try loading font information for OMS+cmss on input line 246
.
LaTeX Font Info:    No file OMScmss.fd. on input line 246.

LaTeX Font Warning: Font shape `OMS/cmss/m/n' undefined
(Font)              using `OMS/cmsy/m/n' instead
(Font)              for symbol `textbullet' on input line 246.


Underfull \hbox (badness 10000) in paragraph at lines 246--252

 []


Underfull \hbox (badness 10000) in paragraph at lines 252--262

 []


Underfull \hbox (badness 10000) in paragraph at lines 263--267

 []

pdfTeX warning (ext4): destination with the same identifier (name{page.6}) has 
been already used, duplicate ignored
<to be read again> 
                   \relax 
l.267 ... Applikation }\label{lst:1},captionpos=t]
                                                   [6

]
Package hyperref Info: bookmark level for unknown lstlisting defaults to 0 on i
nput line 267.

Overfull \hbox (11.26765pt too wide) in paragraph at lines 270--271
[][][][][][][][][][][][][][][][][][][][] 
 []


Overfull \hbox (43.90804pt too wide) in paragraph at lines 274--275
[][][][][][][][][][][][][][][][][][][][] 
 []


Overfull \hbox (56.96419pt too wide) in paragraph at lines 277--279
[][][][][][][][][][][][][] 
 []


Underfull \hbox (badness 10000) in paragraph at lines 283--291

 []

<images/filetree.png, id=311, 207.77625pt x 288.3272pt>
File: images/filetree.png Graphic file (type png)

<use images/filetree.png>
Package pdftex.def Info: images/filetree.png used on input line 303.
(pdftex.def)             Requested size: 207.77573pt x 288.32648pt.

Underfull \hbox (badness 10000) in paragraph at lines 293--308

 []


Underfull \hbox (badness 1226) in paragraph at lines 293--308
\T1/cmss/m/n/10.95 In den Fi-les App.xaml und des-sen Co-de Be-hind Fi-le App.c
s kön-nen Ele-men-te de-fi-niert
 []


Underfull \hbox (badness 10000) in paragraph at lines 293--308

 []

pdfTeX warning (ext4): destination with the same identifier (name{page.7}) has 
been already used, duplicate ignored
<to be read again> 
                   \relax 
l.308 \newpage
               [7] <images/snapped.png, id=334, 1031.35312pt x 578.91281pt>
File: images/snapped.png Graphic file (type png)

<use images/snapped.png>
Package pdftex.def Info: images/snapped.png used on input line 320.
(pdftex.def)             Requested size: 412.53394pt x 231.56102pt.

Underfull \hbox (badness 10000) in paragraph at lines 312--323

 []

[8 <./images/filetree.png>]
Underfull \hbox (badness 10000) in paragraph at lines 331--333

 []

LaTeX Font Info:    Font shape `T1/phv/bx/n' in size <12> not available
(Font)              Font shape `T1/phv/b/n' tried instead on input line 333.
[9 <./images/snapped.png>]
Underfull \hbox (badness 10000) in paragraph at lines 352--361

 []


Underfull \hbox (badness 1137) in paragraph at lines 352--361
\T1/cmss/m/n/10.95 Als über-ge-ord-ne-tes Ele-ment be-sit-zen Items Con-trols e
ben-falls Pa-nels, die meis-ten die-ser
 []


Underfull \hbox (badness 10000) in paragraph at lines 352--361

 []


Underfull \hbox (badness 10000) in paragraph at lines 362--364

 []


Underfull \hbox (badness 10000) in paragraph at lines 364--366

 []


Underfull \hbox (badness 10000) in paragraph at lines 366--368

 []

[10]
Underfull \hbox (badness 10000) in paragraph at lines 373--377

 []


Underfull \hbox (badness 10000) in paragraph at lines 391--395

 []


Underfull \hbox (badness 1189) in paragraph at lines 391--395
\T1/cmss/m/n/10.95 Wie bei den meis-ten Mög-lich-kei-ten, die WinRT Ap-pli-ka-t
io-nen be-herr-schen, macht die-se
 []

<images/buttonpressed_false.png, id=356, 215.30438pt x 56.46094pt>
File: images/buttonpressed_false.png Graphic file (type png)

<use images/buttonpressed_false.png>
Package pdftex.def Info: images/buttonpressed_false.png used on input line 408.

(pdftex.def)             Requested size: 215.30385pt x 56.46078pt.

<images/buttonpressed_true.png, id=357, 215.30438pt x 58.71938pt>
File: images/buttonpressed_true.png Graphic file (type png)

<use images/buttonpressed_true.png>
Package pdftex.def Info: images/buttonpressed_true.png used on input line 415.
(pdftex.def)             Requested size: 215.30385pt x 58.71921pt.

Underfull \hbox (badness 10000) in paragraph at lines 399--421

 []


Underfull \hbox (badness 10000) in paragraph at lines 399--421

 []


Underfull \hbox (badness 10000) in paragraph at lines 399--421

 []


Underfull \hbox (badness 10000) in paragraph at lines 399--421

 []

[11]
Overfull \hbox (11.26765pt too wide) in paragraph at lines 427--428
[][][][][][][][][][][][][][][][][][][][][] 
 []


Underfull \hbox (badness 10000) in paragraph at lines 433--440

 []


Underfull \hbox (badness 10000) in paragraph at lines 433--440

 []

[12 <./images/buttonpressed_false.png> <./images/buttonpressed_true.png>]
Overfull \hbox (17.79573pt too wide) in paragraph at lines 445--446
[][][][][][][][][][][][][][][][][][] 
 []


Overfull \hbox (24.3238pt too wide) in paragraph at lines 451--452
[][][][][][][][][][][][][][][] 
 []


Overfull \hbox (17.79573pt too wide) in paragraph at lines 455--456
[][][][][][][][][][][][][][][] 
 []

[13]
Overfull \hbox (63.49226pt too wide) in paragraph at lines 478--479
[][][][][][][][] 
 []


Underfull \hbox (badness 10000) in paragraph at lines 494--499

 []

[14]
Underfull \hbox (badness 10000) in paragraph at lines 511--525

 []


Underfull \hbox (badness 10000) in paragraph at lines 511--525

 []


Underfull \hbox (badness 10000) in paragraph at lines 511--525

 []


Overfull \hbox (11.26765pt too wide) in paragraph at lines 528--529
[][][][][][][][][][][][][][][][][][][][] 
 []

<images/styles.png, id=452, 121.95563pt x 88.07906pt>
File: images/styles.png Graphic file (type png)
 <use images/styles.png>
Package pdftex.def Info: images/styles.png used on input line 546.
(pdftex.def)             Requested size: 121.9553pt x 88.07883pt.

Underfull \hbox (badness 10000) in paragraph at lines 543--561

 []


Underfull \hbox (badness 10000) in paragraph at lines 543--561

 []


Underfull \hbox (badness 10000) in paragraph at lines 543--561

 []

[15]
Underfull \hbox (badness 10000) in paragraph at lines 563--569

 []


Underfull \hbox (badness 10000) in paragraph at lines 571--580

 []


Underfull \hbox (badness 10000) in paragraph at lines 571--580

 []

[16 <./images/styles.png>] [17]
Kapitel 4.
<images/charms.png, id=508, 1027.58907pt x 569.12625pt>
File: images/charms.png Graphic file (type png)

<use images/charms.png>
Package pdftex.def Info: images/charms.png used on input line 619.
(pdftex.def)             Requested size: 436.72742pt x 241.87979pt.

Underfull \hbox (badness 10000) in paragraph at lines 614--623

 []


Underfull \hbox (badness 10000) in paragraph at lines 625--635

 []


Underfull \hbox (badness 10000) in paragraph at lines 625--635

 []

[18

 <./images/charms.png>]
Underfull \hbox (badness 10000) in paragraph at lines 637--645

 []


Underfull \hbox (badness 10000) in paragraph at lines 647--651

 []


Underfull \hbox (badness 10000) in paragraph at lines 653--663

 []


Underfull \hbox (badness 10000) in paragraph at lines 653--663

 []


Underfull \hbox (badness 1320) in paragraph at lines 653--663
\T1/cmss/m/n/10.95 WinRT bie-tet au-ÿer-dem noch ei-ne zu-sätz-li-che Funk-tio-
na-li-tät an - Ein-stel-lun-gen kön-nen
 []

[19]
Underfull \hbox (badness 10000) in paragraph at lines 665--675

 []


Underfull \hbox (badness 10000) in paragraph at lines 665--675

 []

[20] <images/livetile.png, id=539, 185.19188pt x 88.07906pt>
File: images/livetile.png Graphic file (type png)

<use images/livetile.png>
Package pdftex.def Info: images/livetile.png used on input line 696.
(pdftex.def)             Requested size: 222.22911pt x 105.69432pt.

Underfull \hbox (badness 10000) in paragraph at lines 683--699

 []


Underfull \hbox (badness 10000) in paragraph at lines 683--699

 []


Underfull \hbox (badness 10000) in paragraph at lines 683--699

 []

<images/push.png, id=541, 437.38406pt x 316.93407pt>
File: images/push.png Graphic file (type png)
 <use images/push.png>
Package pdftex.def Info: images/push.png used on input line 709.
(pdftex.def)             Requested size: 349.90771pt x 253.54759pt.

[21 <./images/livetile.png>] [22 <./images/push.png>] [23]
Kapitel 5.
(./LineOfBusinessAppsWinRt.bbl [24

]
Underfull \hbox (badness 2443) in paragraph at lines 37--41
[]\T1/cmss/m/n/10.95 B. LeBlanc, ``An-noun-cing the Win-dows 8 Edi-ti-ons,'' Bl
og, Mi-cro-soft Win-dows, 04
 []


Underfull \hbox (badness 10000) in paragraph at lines 37--41
\T1/cmss/m/n/10.95 2012, []$http : / / blogs . windows . com / windows / b / bl
oggingwindows / archive / 2012 / 04 / 16 /
 []

) [25

] (./LineOfBusinessAppsWinRt.lof)
\tf@lof=\write5
\openout5 = `LineOfBusinessAppsWinRt.lof'.

 [26

]

Class scrbook Warning: Usage of deprecated \float@listhead!
(scrbook)              You should use the features of package `tocbasic'
(scrbook)              instead of \float@listhead.
(scrbook)              Definition of \float@listhead my be removed from
(scrbook)              `scrbook' soon, so it should not be used  on input line 
765.

(./LineOfBusinessAppsWinRt.lol)
\tf@lol=\write6
\openout6 = `LineOfBusinessAppsWinRt.lol'.

 [27

] (./LineOfBusinessAppsWinRt.lot)
\tf@lot=\write7
\openout7 = `LineOfBusinessAppsWinRt.lot'.

 [28

]
[29

]
Anhang A.
[30

]
Anhang B.
Package atveryend Info: Empty hook `BeforeClearDocument' on input line 807.
[31

]
Package atveryend Info: Empty hook `AfterLastShipout' on input line 807.
 (./LineOfBusinessAppsWinRt.aux)
Package atveryend Info: Executing hook `AtVeryEndDocument' on input line 807.
Package atveryend Info: Executing hook `AtEndAfterFileList' on input line 807.
Package rerunfilecheck Info: File `LineOfBusinessAppsWinRt.out' has not changed
.
(rerunfilecheck)             Checksum: D96D691D82681834AB0986AD80C2D5E8;2708.


LaTeX Font Warning: Some font shapes were not available, defaults substituted.

Package atveryend Info: Empty hook `AtVeryVeryEnd' on input line 807.
 ) 
Here is how much of TeX's memory you used:
 10131 strings out of 493488
 143985 string characters out of 3144747
 278707 words of memory out of 3000000
 13064 multiletter control sequences out of 15000+200000
 30537 words of font info for 50 fonts, out of 3000000 for 9000
 957 hyphenation exceptions out of 8191
 38i,12n,51p,716b,1788s stack positions out of 5000i,500n,10000p,200000b,50000s
{c:/texlive/2012/texmf-dist/fonts/enc/dvips/cm-super/cm-super-t1.enc}{c:/texl
ive/2012/texmf-dist/fonts/enc/dvips/base/8r.enc}<c:/texlive/2012/texmf-dist/fon
ts/type1/public/amsfonts/cm/cmsy10.pfb><c:/texlive/2012/texmf-dist/fonts/type1/
public/cm-super/sfsi1095.pfb><c:/texlive/2012/texmf-dist/fonts/type1/public/cm-
super/sfss0900.pfb><c:/texlive/2012/texmf-dist/fonts/type1/public/cm-super/sfss
1095.pfb><c:/texlive/2012/texmf-dist/fonts/type1/urw/helvetic/uhvb8a.pfb><c:/te
xlive/2012/texmf-dist/fonts/type1/urw/helvetic/uhvr8a.pfb>
Output written on LineOfBusinessAppsWinRt.pdf (38 pages, 353070 bytes).
PDF statistics:
 696 PDF objects out of 1000 (max. 8388607)
 630 compressed objects within 7 object streams
 215 named destinations out of 1000 (max. 500000)
 405 words of extra memory for PDF output out of 10000 (max. 10000000)

