\BOOKMARK [0][-]{chapter.1}{Einleitung}{}% 1
\BOOKMARK [0][-]{chapter.2}{Von .NET zu WinRT}{}% 2
\BOOKMARK [1][-]{section.2.1}{Entwicklung auf WinRT}{chapter.2}% 3
\BOOKMARK [1][-]{section.2.2}{Neue Hardware und Tablets}{chapter.2}% 4
\BOOKMARK [0][-]{chapter.3}{Layout}{}% 5
\BOOKMARK [1][-]{section.3.1}{XAML}{chapter.3}% 6
\BOOKMARK [1][-]{section.3.2}{Struktur einer Applikation}{chapter.3}% 7
\BOOKMARK [1][-]{section.3.3}{Portrait und Landscape}{chapter.3}% 8
\BOOKMARK [1][-]{section.3.4}{Splash Screen}{chapter.3}% 9
\BOOKMARK [1][-]{section.3.5}{Controls}{chapter.3}% 10
\BOOKMARK [2][-]{subsection.3.5.1}{Panels}{section.3.5}% 11
\BOOKMARK [2][-]{subsection.3.5.2}{Aufz\344hlungen}{section.3.5}% 12
\BOOKMARK [2][-]{subsection.3.5.3}{TextBlock}{section.3.5}% 13
\BOOKMARK [2][-]{subsection.3.5.4}{TextBox}{section.3.5}% 14
\BOOKMARK [1][-]{section.3.6}{Semantic Zoom}{chapter.3}% 15
\BOOKMARK [1][-]{section.3.7}{Entwicklung von eigenen Controls}{chapter.3}% 16
\BOOKMARK [2][-]{subsection.3.7.1}{Dependency Properties}{section.3.7}% 17
\BOOKMARK [2][-]{subsection.3.7.2}{Attached Properties}{section.3.7}% 18
\BOOKMARK [2][-]{subsection.3.7.3}{Property Wertevererbung und mehrere Provider}{section.3.7}% 19
\BOOKMARK [2][-]{subsection.3.7.4}{Styles}{section.3.7}% 20
\BOOKMARK [2][-]{subsection.3.7.5}{Templates}{section.3.7}% 21
\BOOKMARK [1][-]{section.3.8}{Frameworks}{chapter.3}% 22
\BOOKMARK [1][-]{section.3.9}{Custom Control f\374r Practitioner Mobile}{chapter.3}% 23
\BOOKMARK [0][-]{chapter.4}{Schnittstellen und Charms}{}% 24
\BOOKMARK [1][-]{section.4.1}{Suchen}{chapter.4}% 25
\BOOKMARK [1][-]{section.4.2}{Teilen}{chapter.4}% 26
\BOOKMARK [1][-]{section.4.3}{Ger\344te}{chapter.4}% 27
\BOOKMARK [1][-]{section.4.4}{Einstellungen}{chapter.4}% 28
\BOOKMARK [1][-]{section.4.5}{Lokale Daten und Datenbankanbindung}{chapter.4}% 29
\BOOKMARK [1][-]{section.4.6}{App Bars}{chapter.4}% 30
\BOOKMARK [1][-]{section.4.7}{Live Tiles}{chapter.4}% 31
\BOOKMARK [1][-]{section.4.8}{Toast Notifications}{chapter.4}% 32
\BOOKMARK [1][-]{section.4.9}{Push Notifications}{chapter.4}% 33
\BOOKMARK [1][-]{section.4.10}{Sensoren}{chapter.4}% 34
\BOOKMARK [0][-]{chapter.5}{Praktisches Beispiel anhand einer einfachen Line Of Business Applikation}{}% 35
\BOOKMARK [1][-]{section.5.1}{Die Applikation}{chapter.5}% 36
\BOOKMARK [1][-]{section.5.2}{Charms}{chapter.5}% 37
\BOOKMARK [2][-]{subsection.5.2.1}{Suche}{section.5.2}% 38
\BOOKMARK [2][-]{subsection.5.2.2}{Teilen}{section.5.2}% 39
\BOOKMARK [2][-]{subsection.5.2.3}{Ger\344te}{section.5.2}% 40
\BOOKMARK [0][-]{chapter.6}{Fazit}{}% 41
\BOOKMARK [0][-]{chapter*.12}{Literaturverzeichnis}{}% 42
\BOOKMARK [0][-]{chapter*.13}{Abbildungsverzeichnis}{}% 43
\BOOKMARK [0][-]{chapter*.14}{Listingverzeichnis}{}% 44
\BOOKMARK [0][-]{chapter*.15}{Tabellenverzeichnis}{}% 45
\BOOKMARK [0][-]{chapter*.16}{Abk\374rzungsverzeichnis}{}% 46
\BOOKMARK [0][-]{appendix.A}{Custom Control}{}% 47
\BOOKMARK [0][-]{appendix.B}{Drucken}{}% 48
